#
# A fatal error has been detected by the Java Runtime Environment:
#
#  EXCEPTION_ACCESS_VIOLATION (0xc0000005) at pc=0x0000000070a6fed0, pid=10776, tid=0x00000000000024ac
#
# JRE version: Java(TM) SE Runtime Environment (8.0_152-b16) (build 1.8.0_152-b16)
# Java VM: Java HotSpot(TM) 64-Bit Server VM (25.152-b16 mixed mode windows-amd64 compressed oops)
# Problematic frame:
# V  [jvm.dll+0xafed0]
#
# Failed to write core dump. Minidumps are not enabled by default on client versions of Windows
#
# If you would like to submit a bug report, please visit:
#   http://bugreport.java.com/bugreport/crash.jsp
#

---------------  T H R E A D  ---------------

Current thread (0x0000000001fb2800):  GCTaskThread [stack: 0x00000000032f0000,0x00000000033f0000] [id=9388]

siginfo: ExceptionCode=0xc0000005, reading address 0x000000033f970210

Registers:
RAX=0x0000000000000001, RBX=0x00000000d8d857d0, RCX=0x00000000d8d857d0, RDX=0x000000033f970208
RSP=0x00000000033ef7b8, RBP=0x0000000000000000, RSI=0x0000000009450840, RDI=0x000000000b6a0ac0
R8 =0x0000000009450840, R9 =0x0000000000000007, R10=0x0000000000000008, R11=0x00000000daf86020
R12=0x0000000071018568, R13=0x0000000000000001, R14=0x0000000000000000, R15=0x0000000001fb2cf0
RIP=0x0000000070a6fed0, EFLAGS=0x0000000000010202

Top of Stack: (sp=0x00000000033ef7b8)
0x00000000033ef7b8:   0000000070dc16c2 00000000d8d857b8
0x00000000033ef7c8:   0000000000000003 0000000009450840
0x00000000033ef7d8:   0000000070aac5ba 00000000daf7e030
0x00000000033ef7e8:   0000000070dc1e0b 00000000846035ac
0x00000000033ef7f8:   0000000070ad31b3 0000000000000000
0x00000000033ef808:   0000000001fab401 0000000071018568
0x00000000033ef818:   0000000070dc1a30 00000000daf81114
0x00000000033ef828:   0000000000000000 0000000009450840
0x00000000033ef838:   000000000b6a0ac0 00000000daf81114
0x00000000033ef848:   0000000070dc2405 00000000d8ef1040
0x00000000033ef858:   0000000000000000 0000000009450840
0x00000000033ef868:   0000000070dc1941 00000000d8d2fb10
0x00000000033ef878:   0000000000000017 0000000009450840
0x00000000033ef888:   00000464000001df 00000000daefe030
0x00000000033ef898:   00000463000001df 0000059e000003b8
0x00000000033ef8a8:   00000352000003d5 0000000001fb2ce0 

Instructions: (pc=0x0000000070a6fed0)
0x0000000070a6feb0:   1c bf 1d 00 48 8b 9c 24 d0 00 00 00 48 81 c4 c0
0x0000000070a6fec0:   00 00 00 5d c3 cc cc cc cc cc cc cc cc cc cc cc
0x0000000070a6fed0:   44 8b 42 08 4c 8b ca 45 85 c0 7e 0e 41 f6 c0 01
0x0000000070a6fee0:   75 57 41 c1 f8 03 41 8b c0 c3 79 4d 80 3d ee 15 


Register to memory mapping:

RAX=0x0000000000000001 is an unknown value
RBX=0x00000000d8d857d0 is an oop

[error occurred during error reporting (printing register info), id 0xc0000005]

Stack: [0x00000000032f0000,0x00000000033f0000],  sp=0x00000000033ef7b8,  free space=1021k
Native frames: (J=compiled Java code, j=interpreted, Vv=VM code, C=native code)


---------------  P R O C E S S  ---------------

Java Threads: ( => current thread )
  0x0000000009565000 JavaThread "Service Thread" daemon [_thread_blocked, id=11680, stack(0x000000000b3f0000,0x000000000b4f0000)]
  0x00000000094ed800 JavaThread "C1 CompilerThread3" daemon [_thread_blocked, id=7684, stack(0x000000000b1e0000,0x000000000b2e0000)]
  0x00000000094d4800 JavaThread "C2 CompilerThread2" daemon [_thread_blocked, id=11288, stack(0x000000000b020000,0x000000000b120000)]
  0x00000000094cf000 JavaThread "C2 CompilerThread1" daemon [_thread_blocked, id=8452, stack(0x000000000ae40000,0x000000000af40000)]
  0x00000000094b5800 JavaThread "C2 CompilerThread0" daemon [_thread_blocked, id=4684, stack(0x000000000ab80000,0x000000000ac80000)]
  0x00000000094b2000 JavaThread "Attach Listener" daemon [_thread_blocked, id=10868, stack(0x000000000a9a0000,0x000000000aaa0000)]
  0x00000000094c7000 JavaThread "Signal Dispatcher" daemon [_thread_blocked, id=5288, stack(0x000000000a830000,0x000000000a930000)]
  0x0000000008504000 JavaThread "Finalizer" daemon [_thread_blocked, id=6364, stack(0x000000000a700000,0x000000000a800000)]
  0x00000000084fd000 JavaThread "Reference Handler" daemon [_thread_blocked, id=6328, stack(0x000000000a5c0000,0x000000000a6c0000)]
  0x0000000001f98000 JavaThread "main" [_thread_blocked, id=10872, stack(0x00000000022d0000,0x00000000023d0000)]

Other Threads:
  0x00000000084f4000 VMThread [stack: 0x000000000a3f0000,0x000000000a4f0000] [id=10688]
  0x0000000009537800 WatcherThread [stack: 0x000000000ad10000,0x000000000ae10000] [id=11852]

=>0x0000000001fb2800 (exited) GCTaskThread [stack: 0x00000000032f0000,0x00000000033f0000] [id=9388]

VM state:at safepoint (normal execution)

VM Mutex/Monitor currently owned by a thread:  ([mutex/lock_event])
[0x000000000203db60] Threads_lock - owner thread: 0x00000000084f4000
[0x000000000203e060] Heap_lock - owner thread: 0x0000000001f98000

Heap:
 PSYoungGen      total 68608K, used 68601K [0x00000000d6d00000, 0x00000000db500000, 0x0000000100000000)
  eden space 63488K, 100% used [0x00000000d6d00000,0x00000000dab00000,0x00000000dab00000)
  from space 5120K, 99% used [0x00000000db000000,0x00000000db4fe6f0,0x00000000db500000)
  to   space 5120K, 99% used [0x00000000dab00000,0x00000000daffe030,0x00000000db000000)
 ParOldGen       total 84992K, used 5779K [0x0000000084600000, 0x0000000089900000, 0x00000000d6d00000)
  object space 84992K, 6% used [0x0000000084600000,0x0000000084ba4fe0,0x0000000089900000)
 Metaspace       used 14876K, capacity 15146K, committed 15232K, reserved 1062912K
  class space    used 1802K, capacity 1881K, committed 1920K, reserved 1048576K

Card table byte_map: [0x0000000002790000,0x0000000002b70000] byte_map_base: 0x000000000236d000

Marking Bits: (ParMarkBitMap*) 0x00000000711e0860
 Begin Bits: [0x0000000003960000, 0x0000000005848000)
 End Bits:   [0x0000000005848000, 0x0000000007730000)

Polling page: 0x0000000001b40000

CodeCache: size=245760Kb used=7794Kb max_used=7801Kb free=237965Kb
 bounds [0x000000000f010000, 0x000000000f7c0000, 0x000000001e010000]
 total_blobs=2499 nmethods=2156 adapters=255
 compilation: enabled

Compilation events (10 events):
Event: 1.452 Thread 0x00000000094ed800 nmethod 2163 0x000000000f7b2d90 code [0x000000000f7b2f00, 0x000000000f7b30a8]
Event: 1.452 Thread 0x00000000094ed800 2164       1       org.apache.maven.model.building.DefaultModelBuildingRequest::getModelCache (5 bytes)
Event: 1.452 Thread 0x00000000094ed800 nmethod 2164 0x000000000f7b15d0 code [0x000000000f7b1720, 0x000000000f7b1830]
Event: 1.452 Thread 0x00000000094d4800 nmethod 2136 0x000000000f7b11d0 code [0x000000000f7b1320, 0x000000000f7b1458]
Event: 1.452 Thread 0x00000000094d4800 2047       4       org.eclipse.sisu.plexus.DefaultPlexusBeans$Itr::next (5 bytes)
Event: 1.456 Thread 0x00000000094ed800 2169   !   3       java.util.ArrayList$Itr::remove (68 bytes)
Event: 1.456 Thread 0x00000000094ed800 nmethod 2169 0x000000000f7b2310 code [0x000000000f7b24c0, 0x000000000f7b2ab8]
Event: 1.457 Thread 0x00000000094ed800 2170       3       org.apache.maven.model.ModelBase::getRepositories (23 bytes)
Event: 1.457 Thread 0x00000000094ed800 nmethod 2170 0x000000000f7b0b50 code [0x000000000f7b0cc0, 0x000000000f7b1050]
Event: 1.457 Thread 0x00000000094ed800 2171   !   3       org.apache.maven.model.Repository::clone (87 bytes)

GC Heap History (5 events):
Event: 0.506 GC heap before
{Heap before GC invocations=1 (full 0):
 PSYoungGen      total 36864K, used 31744K [0x00000000d6d00000, 0x00000000d9600000, 0x0000000100000000)
  eden space 31744K, 100% used [0x00000000d6d00000,0x00000000d8c00000,0x00000000d8c00000)
  from space 5120K, 0% used [0x00000000d9100000,0x00000000d9100000,0x00000000d9600000)
  to   space 5120K, 0% used [0x00000000d8c00000,0x00000000d8c00000,0x00000000d9100000)
 ParOldGen       total 84992K, used 0K [0x0000000084600000, 0x0000000089900000, 0x00000000d6d00000)
  object space 84992K, 0% used [0x0000000084600000,0x0000000084600000,0x0000000089900000)
 Metaspace       used 7846K, capacity 8024K, committed 8192K, reserved 1056768K
  class space    used 973K, capacity 1020K, committed 1024K, reserved 1048576K
Event: 0.514 GC heap after
Heap after GC invocations=1 (full 0):
 PSYoungGen      total 36864K, used 4799K [0x00000000d6d00000, 0x00000000db500000, 0x0000000100000000)
  eden space 31744K, 0% used [0x00000000d6d00000,0x00000000d6d00000,0x00000000d8c00000)
  from space 5120K, 93% used [0x00000000d8c00000,0x00000000d90afd50,0x00000000d9100000)
  to   space 5120K, 0% used [0x00000000db000000,0x00000000db000000,0x00000000db500000)
 ParOldGen       total 84992K, used 8K [0x0000000084600000, 0x0000000089900000, 0x00000000d6d00000)
  object space 84992K, 0% used [0x0000000084600000,0x0000000084602000,0x0000000089900000)
 Metaspace       used 7846K, capacity 8024K, committed 8192K, reserved 1056768K
  class space    used 973K, capacity 1020K, committed 1024K, reserved 1048576K
}
Event: 0.807 GC heap before
{Heap before GC invocations=2 (full 0):
 PSYoungGen      total 36864K, used 36543K [0x00000000d6d00000, 0x00000000db500000, 0x0000000100000000)
  eden space 31744K, 100% used [0x00000000d6d00000,0x00000000d8c00000,0x00000000d8c00000)
  from space 5120K, 93% used [0x00000000d8c00000,0x00000000d90afd50,0x00000000d9100000)
  to   space 5120K, 0% used [0x00000000db000000,0x00000000db000000,0x00000000db500000)
 ParOldGen       total 84992K, used 8K [0x0000000084600000, 0x0000000089900000, 0x00000000d6d00000)
  object space 84992K, 0% used [0x0000000084600000,0x0000000084602000,0x0000000089900000)
 Metaspace       used 10955K, capacity 11194K, committed 11264K, reserved 1058816K
  class space    used 1365K, capacity 1479K, committed 1536K, reserved 1048576K
Event: 0.812 GC heap after
Heap after GC invocations=2 (full 0):
 PSYoungGen      total 68608K, used 5113K [0x00000000d6d00000, 0x00000000db500000, 0x0000000100000000)
  eden space 63488K, 0% used [0x00000000d6d00000,0x00000000d6d00000,0x00000000dab00000)
  from space 5120K, 99% used [0x00000000db000000,0x00000000db4fe6f0,0x00000000db500000)
  to   space 5120K, 0% used [0x00000000dab00000,0x00000000dab00000,0x00000000db000000)
 ParOldGen       total 84992K, used 1347K [0x0000000084600000, 0x0000000089900000, 0x00000000d6d00000)
  object space 84992K, 1% used [0x0000000084600000,0x0000000084750fe0,0x0000000089900000)
 Metaspace       used 10955K, capacity 11194K, committed 11264K, reserved 1058816K
  class space    used 1365K, capacity 1479K, committed 1536K, reserved 1048576K
}
Event: 1.458 GC heap before
{Heap before GC invocations=3 (full 0):
 PSYoungGen      total 68608K, used 68601K [0x00000000d6d00000, 0x00000000db500000, 0x0000000100000000)
  eden space 63488K, 100% used [0x00000000d6d00000,0x00000000dab00000,0x00000000dab00000)
  from space 5120K, 99% used [0x00000000db000000,0x00000000db4fe6f0,0x00000000db500000)
  to   space 5120K, 0% used [0x00000000dab00000,0x00000000dab00000,0x00000000db000000)
 ParOldGen       total 84992K, used 1347K [0x0000000084600000, 0x0000000089900000, 0x00000000d6d00000)
  object space 84992K, 1% used [0x0000000084600000,0x0000000084750fe0,0x0000000089900000)
 Metaspace       used 14876K, capacity 15146K, committed 15232K, reserved 1062912K
  class space    used 1802K, capacity 1881K, committed 1920K, reserved 1048576K

Deoptimization events (10 events):
Event: 1.101 Thread 0x0000000001f98000 Uncommon trap: reason=unstable_if action=reinterpret pc=0x000000000f31b804 method=sun.nio.cs.UTF_8$Decoder.decode([BII[C)I @ 30
Event: 1.106 Thread 0x0000000001f98000 Uncommon trap: reason=unstable_if action=reinterpret pc=0x000000000f2c66b8 method=sun.nio.cs.UTF_8$Decoder.decodeArrayLoop(Ljava/nio/ByteBuffer;Ljava/nio/CharBuffer;)Ljava/nio/charset/CoderResult; @ 84
Event: 1.131 Thread 0x0000000001f98000 Uncommon trap: reason=predicate action=maybe_recompile pc=0x000000000f3f1100 method=java.lang.String.regionMatches(ZILjava/lang/String;II)Z @ 63
Event: 1.136 Thread 0x0000000001f98000 Uncommon trap: reason=unstable_if action=reinterpret pc=0x000000000f1be9f0 method=java.lang.String.replace(CC)Ljava/lang/String; @ 2
Event: 1.196 Thread 0x0000000001f98000 Uncommon trap: reason=unstable_if action=reinterpret pc=0x000000000f5dc0f4 method=java.lang.reflect.AccessibleObject.setAccessible0(Ljava/lang/reflect/AccessibleObject;Z)V @ 4
Event: 1.200 Thread 0x0000000001f98000 Uncommon trap: reason=unstable_if action=reinterpret pc=0x000000000f3aa610 method=java.lang.String.startsWith(Ljava/lang/String;I)Z @ 25
Event: 1.202 Thread 0x0000000001f98000 Uncommon trap: reason=unstable_if action=reinterpret pc=0x000000000f18ac28 method=java.lang.String.startsWith(Ljava/lang/String;I)Z @ 25
Event: 1.206 Thread 0x0000000001f98000 Uncommon trap: reason=unstable_if action=reinterpret pc=0x000000000f5a06d4 method=org.codehaus.plexus.util.xml.pull.MXParser.nextImpl()I @ 879
Event: 1.232 Thread 0x0000000001f98000 Uncommon trap: reason=null_check action=make_not_entrant pc=0x000000000f640aa0 method=org.apache.maven.model.io.xpp3.MavenXpp3ReaderEx.checkFieldWithDuplicate(Lorg/codehaus/plexus/util/xml/pull/XmlPullParser;Ljava/lang/String;Ljava/lang/String;Ljava/util/
Event: 1.284 Thread 0x0000000001f98000 Uncommon trap: reason=unstable_if action=reinterpret pc=0x000000000f65c710 method=org.codehaus.plexus.util.xml.pull.MXParser.nextImpl()I @ 310

Classes redefined (0 events):
No events

Internal exceptions (10 events):
Event: 0.963 Thread 0x0000000001f98000 Exception <a 'java/lang/NoClassDefFoundError': com/google/inject/servlet/ServletModuleTargetVisitor> (0x00000000d79d1f38) thrown at [C:\re\workspace\8-2-build-windows-amd64-cygwin\jdk8u152\9742\hotspot\src\share\vm\classfile\systemDictionary.cpp, line 199
Event: 0.963 Thread 0x0000000001f98000 Exception <a 'java/lang/NoClassDefFoundError'> (0x00000000d79d1f38) thrown at [C:\re\workspace\8-2-build-windows-amd64-cygwin\jdk8u152\9742\hotspot\src\share\vm\prims\jvm.cpp, line 1394]
Event: 0.964 Thread 0x0000000001f98000 Exception <a 'java/lang/NoClassDefFoundError': javax/annotation/Priority> (0x00000000d79da388) thrown at [C:\re\workspace\8-2-build-windows-amd64-cygwin\jdk8u152\9742\hotspot\src\share\vm\classfile\systemDictionary.cpp, line 199]
Event: 1.087 Thread 0x0000000001f98000 Exception <a 'java/lang/NullPointerException'> (0x00000000d80153f8) thrown at [C:\re\workspace\8-2-build-windows-amd64-cygwin\jdk8u152\9742\hotspot\src\share\vm\interpreter\linkResolver.cpp, line 1185]
Event: 1.087 Thread 0x0000000001f98000 Exception <a 'java/lang/NullPointerException'> (0x00000000d8015610) thrown at [C:\re\workspace\8-2-build-windows-amd64-cygwin\jdk8u152\9742\hotspot\src\share\vm\interpreter\linkResolver.cpp, line 1185]
Event: 1.087 Thread 0x0000000001f98000 Exception <a 'java/lang/NullPointerException'> (0x00000000d8015828) thrown at [C:\re\workspace\8-2-build-windows-amd64-cygwin\jdk8u152\9742\hotspot\src\share\vm\interpreter\linkResolver.cpp, line 1185]
Event: 1.088 Thread 0x0000000001f98000 Exception <a 'java/lang/NullPointerException'> (0x00000000d802f578) thrown at [C:\re\workspace\8-2-build-windows-amd64-cygwin\jdk8u152\9742\hotspot\src\share\vm\interpreter\linkResolver.cpp, line 1185]
Event: 1.088 Thread 0x0000000001f98000 Exception <a 'java/lang/NullPointerException'> (0x00000000d802f790) thrown at [C:\re\workspace\8-2-build-windows-amd64-cygwin\jdk8u152\9742\hotspot\src\share\vm\interpreter\linkResolver.cpp, line 1185]
Event: 1.088 Thread 0x0000000001f98000 Exception <a 'java/lang/NullPointerException'> (0x00000000d802f9a8) thrown at [C:\re\workspace\8-2-build-windows-amd64-cygwin\jdk8u152\9742\hotspot\src\share\vm\interpreter\linkResolver.cpp, line 1185]
Event: 1.232 Thread 0x0000000001f98000 Implicit null exception at 0x000000000f63f76e to 0x000000000f640a89

Events (10 events):
Event: 1.424 loading class org/apache/maven/plugin/CacheUtils done
Event: 1.426 loading class org/apache/maven/repository/internal/DefaultModelCache
Event: 1.426 loading class org/apache/maven/repository/internal/DefaultModelCache done
Event: 1.427 loading class org/apache/maven/repository/internal/DefaultModelResolver
Event: 1.427 loading class org/apache/maven/repository/internal/DefaultModelResolver done
Event: 1.428 loading class org/apache/maven/repository/internal/DefaultModelCache$Key
Event: 1.428 loading class org/apache/maven/repository/internal/DefaultModelCache$Key done
Event: 1.445 loading class org/apache/maven/repository/internal/DefaultModelResolver$1
Event: 1.445 loading class org/apache/maven/repository/internal/DefaultModelResolver$1 done
Event: 1.457 Executing VM operation: ParallelGCFailedAllocation


Dynamic libraries:
0x000000013f930000 - 0x000000013f967000 	D:\Java\jdk1.8.0_152\bin\javaw.exe
0x0000000077350000 - 0x00000000774fa000 	C:\Windows\SYSTEM32\ntdll.dll
0x0000000077230000 - 0x000000007734f000 	C:\Windows\system32\kernel32.dll
0x000007fefd330000 - 0x000007fefd39a000 	C:\Windows\system32\KERNELBASE.dll
0x000007fefec40000 - 0x000007fefed1b000 	C:\Windows\system32\ADVAPI32.dll
0x000007fefd7b0000 - 0x000007fefd84f000 	C:\Windows\system32\msvcrt.dll
0x000007fefeed0000 - 0x000007fefeeef000 	C:\Windows\SYSTEM32\sechost.dll
0x000007fefed20000 - 0x000007fefee4d000 	C:\Windows\system32\RPCRT4.dll
0x0000000077130000 - 0x000000007722a000 	C:\Windows\system32\USER32.dll
0x000007feff3c0000 - 0x000007feff427000 	C:\Windows\system32\GDI32.dll
0x000007fefd3f0000 - 0x000007fefd3fe000 	C:\Windows\system32\LPK.dll
0x000007fefef70000 - 0x000007feff03a000 	C:\Windows\system32\USP10.dll
0x000007fefb6c0000 - 0x000007fefb8b4000 	C:\Windows\WinSxS\amd64_microsoft.windows.common-controls_6595b64144ccf1df_6.0.7601.18807_none_fa381d5f175bfb52\COMCTL32.dll
0x000007feff320000 - 0x000007feff391000 	C:\Windows\system32\SHLWAPI.dll
0x000007fefef40000 - 0x000007fefef6e000 	C:\Windows\system32\IMM32.DLL
0x000007fefd850000 - 0x000007fefd959000 	C:\Windows\system32\MSCTF.dll
0x000007fefcf60000 - 0x000007fefcf91000 	C:\Windows\system32\nvinitx.dll
0x000007fefcf50000 - 0x000007fefcf5c000 	C:\Windows\system32\VERSION.dll
0x000000000f000000 - 0x000000000f006000 	C:\Program Files\NVIDIA Corporation\CoProcManager\detoured.dll
0x000007fefa530000 - 0x000007fefa561000 	C:\Program Files\NVIDIA Corporation\CoProcManager\nvd3d9wrapx.dll
0x000007feff140000 - 0x000007feff317000 	C:\Windows\system32\SETUPAPI.dll
0x000007fefd3b0000 - 0x000007fefd3e6000 	C:\Windows\system32\CFGMGR32.dll
0x000007fefd6d0000 - 0x000007fefd7a7000 	C:\Windows\system32\OLEAUT32.dll
0x000007fefea20000 - 0x000007fefec23000 	C:\Windows\system32\ole32.dll
0x000007fefd050000 - 0x000007fefd06a000 	C:\Windows\system32\DEVOBJ.dll
0x000007fefa1a0000 - 0x000007fefa1c2000 	C:\Program Files\NVIDIA Corporation\CoProcManager\nvdxgiwrapx.dll
0x0000000056b90000 - 0x0000000056c62000 	D:\Java\jdk1.8.0_152\jre\bin\msvcr100.dll
0x00000000709c0000 - 0x0000000071260000 	D:\Java\jdk1.8.0_152\jre\bin\server\jvm.dll
0x000007fef8170000 - 0x000007fef8179000 	C:\Windows\system32\WSOCK32.dll
0x000007fefeef0000 - 0x000007fefef3d000 	C:\Windows\system32\WS2_32.dll
0x000007fefec30000 - 0x000007fefec38000 	C:\Windows\system32\NSI.dll
0x000007fefadb0000 - 0x000007fefadeb000 	C:\Windows\system32\WINMM.dll
0x0000000077510000 - 0x0000000077517000 	C:\Windows\system32\PSAPI.DLL
0x0000000063670000 - 0x000000006367f000 	D:\Java\jdk1.8.0_152\jre\bin\verify.dll
0x00000000630f0000 - 0x0000000063119000 	D:\Java\jdk1.8.0_152\jre\bin\java.dll
0x00000000630d0000 - 0x00000000630e6000 	D:\Java\jdk1.8.0_152\jre\bin\zip.dll
0x000007fefdc90000 - 0x000007fefea19000 	C:\Windows\system32\SHELL32.dll
0x000007fefd040000 - 0x000007fefd04f000 	C:\Windows\system32\profapi.dll
0x00000000630b0000 - 0x00000000630ca000 	D:\Java\jdk1.8.0_152\jre\bin\net.dll
0x000007fefc750000 - 0x000007fefc7a5000 	C:\Windows\system32\mswsock.dll
0x000007fefc740000 - 0x000007fefc747000 	C:\Windows\System32\wship6.dll
0x0000000063090000 - 0x00000000630a1000 	D:\Java\jdk1.8.0_152\jre\bin\nio.dll
0x000007fefaa20000 - 0x000007fefab45000 	C:\Windows\system32\dbghelp.dll

VM Arguments:
jvm_args: -Dmaven.home=EMBEDDED -Dclassworlds.conf=E:\Works\javaworks\workspace-sts-3.9.1.RELEASE\.metadata\.plugins\org.eclipse.m2e.launching\launches\m2conf5008420698337760302.tmp -Dmaven.multiModuleProjectDirectory=E:\Works\git\git_repository\ezyyBusiness\ezyyBusiness -Dfile.encoding=GBK 
java_command: org.codehaus.plexus.classworlds.launcher.Launcher -Ppom.xml -B -Dmaven.test.skip=true -DskipTests package
java_class_path (initial): D:\Program Files\spring-tool-suite-3.9.1.RELEASE-e4.7.1a-win32-x86_64\sts-bundle\sts-3.9.1.RELEASE\plugins\org.eclipse.m2e.maven.runtime_1.8.2.20171007-0216\jars\plexus-classworlds-2.5.2.jar
Launcher Type: SUN_STANDARD

Environment Variables:
JAVA_HOME=D:\Java\jdk1.8.0_152
PATH=C:\ProgramData\Oracle\Java\javapath;E:\Works\php\oracelEX\instantclient_12_1;D:\oracle11g\product\11.2.0\dbhome_1\bin;E:\Works\Maven\maven3\apache-maven-3.0.4\bin;D:\oracle11g\client32\app\Administrator\product\11.2.0\client_1\bin;C:\Windows\system32;C:\Windows;C:\Windows\System32\Wbem;C:\Windows\System32\WindowsPowerShell\v1.0\;C:\Program Files (x86)\Microsoft SQL Server\100\Tools\Binn\;C:\Program Files\Microsoft SQL Server\100\Tools\Binn\;C:\Program Files\Microsoft SQL Server\100\DTS\Binn\;D:\Java\jdk1.8.0_152\bin;D:\Java\jdk1.8.0_152\jre\bin;C:\Program Files (x86)\Windows Kits\8.1\Windows Performance Toolkit\;C:\Program Files\Microsoft SQL Server\110\Tools\Binn\;D:\Program Files (x86)\VisualSVN\bin;C:\Program Files\TortoiseSVN\bin;C:\Program Files (x86)\Microsoft SQL Server\80\Tools\Binn\;C:\Program Files (x86)\Microsoft SQL Server\90\Tools\binn\;C:\Program Files (x86)\Microsoft SQL Server\90\DTS\Binn\;C:\Program Files (x86)\Microsoft SQL Server\90\Tools\Binn\VSShell\Common7\IDE\;C:\Program Files (x86)\Microsoft Visual Studio 8\Common7\IDE\PrivateAssemblies\;D:\ADT\adt-bundle-windows-x86-20140321\sdk\tools;D:\ADT\adt-bundle-windows-x86-20140321\sdk\platform-tools;D:\Program Files\mysql\bin;D:\Program Files\Tesseract-OCR;E:\Works\python\Python36\Scripts\;E:\Works\python\Python36\;E:\Works\php\AppServ\Apache24\bin;E:\Works\php\AppServ\Apache24\bin;E:\Works\php\AppServ\php5;E:\Works\php\AppServ\MySQL\bin;E:\Works\php\phpStudy\php\php-5.4.45;C:\ProgramData\ComposerSetup\bin;D:\Program Files\nodejs\;D:\Program Files\nodejs\node_global;D:\Program Files\TortoiseGit\bin;E:\Works\python\Python36\Scripts\;E:\Works\python\Python36\;E:\Works\php\AppServ\Apache24\bin;C:\Users\Administrator\AppData\Roaming\npm
USERNAME=Administrator
OS=Windows_NT
PROCESSOR_IDENTIFIER=Intel64 Family 6 Model 60 Stepping 3, GenuineIntel



---------------  S Y S T E M  ---------------

OS: Windows 7 , 64 bit Build 7601 (6.1.7601.23677)

CPU:total 8 (initial active 8) (4 cores per cpu, 2 threads per core) family 6 model 60 stepping 3, cmov, cx8, fxsr, mmx, sse, sse2, sse3, ssse3, sse4.1, sse4.2, popcnt, avx, avx2, aes, clmul, erms, lzcnt, ht, tsc, tscinvbit, bmi1, bmi2

Memory: 4k page, physical 8096228k(1329092k free), swap 16190596k(6821992k free)

vm_info: Java HotSpot(TM) 64-Bit Server VM (25.152-b16) for windows-amd64 JRE (1.8.0_152-b16), built on Sep 14 2017 02:29:36 by "java_re" with MS VC++ 10.0 (VS2010)

time: Thu Jun 13 15:52:31 2019
elapsed time: 1 seconds (0d 0h 0m 1s)

